{"sessionId":"c345b9","id":"log_1773916407581","timestamp":1773916407581,"location":"AuthService.login","message":"Login attempt for existing user","hypothesisId":"H1","runId":"pre-fix","data":{"emailPresent":"true, twoFactorEnabled":"true"}}
{"sessionId":"c345b9","id":"log_1773916407752","timestamp":1773916407752,"location":"AuthService.buildLoginResponse","message":"2FA required branch taken","hypothesisId":"H4","runId":"pre-fix","data":{"userId":"1"}}
{"sessionId":"c345b9","id":"log_1773916419014","timestamp":1773916419014,"location":"AuthService.verify2fa","message":"2FA verification started for user","hypothesisId":"H7","runId":"pre-fix","data":{"twoFactorEnabled":"true, userId":"1"}}
{"sessionId":"c345b9","id":"log_1773916419031","timestamp":1773916419031,"location":"AuthService.verify2fa","message":"2FA verification successful","hypothesisId":"H9","runId":"pre-fix","data":{"userId":"1"}}
{"sessionId":"c345b9","id":"log_1773916905796","timestamp":1773916905796,"location":"AuthService.login","message":"Login attempt for existing user","hypothesisId":"H1","runId":"pre-fix","data":{"emailPresent":"true, twoFactorEnabled":"true"}}
{"sessionId":"c345b9","id":"log_1773916905862","timestamp":1773916905862,"location":"AuthService.buildLoginResponse","message":"2FA required branch taken","hypothesisId":"H4","runId":"pre-fix","data":{"userId":"1"}}
{"sessionId":"c345b9","id":"log_1773916922892","timestamp":1773916922892,"location":"AuthService.verify2fa","message":"2FA verification started for user","hypothesisId":"H7","runId":"pre-fix","data":{"twoFactorEnabled":"true, userId":"1"}}
{"sessionId":"c345b9","id":"log_1773916922895","timestamp":1773916922895,"location":"AuthService.verify2fa","message":"2FA verification successful","hypothesisId":"H9","runId":"pre-fix","data":{"userId":"1"}}
{"sessionId":"c345b9","id":"log_1773917411456","timestamp":1773917411456,"location":"AuthService.login","message":"Login attempt for existing user","hypothesisId":"H1","runId":"pre-fix","data":{"emailPresent":"true, twoFactorEnabled":"false"}}
{"sessionId":"c345b9","id":"log_1773917411535","timestamp":1773917411535,"location":"AuthService.buildLoginResponse","message":"Email not verified during login","hypothesisId":"H3","runId":"pre-fix","data":{"twoFactorEnabled":"false, userId":"1"}}
{"sessionId":"c345b9","id":"log_1773917425463","timestamp":1773917425463,"location":"AuthService.login","message":"Login attempt for existing user","hypothesisId":"H1","runId":"pre-fix","data":{"emailPresent":"true, twoFactorEnabled":"false"}}
{"sessionId":"c345b9","id":"log_1773917425528","timestamp":1773917425528,"location":"AuthService.buildLoginResponse","message":"Password-only login successful","hypothesisId":"H5","runId":"pre-fix","data":{"twoFactorEnabled":"false, userId":"1"}}
{"sessionId":"c345b9","id":"log_1773917630496","timestamp":1773917630496,"location":"AuthService.login","message":"Login attempt for existing user","hypothesisId":"H1","runId":"pre-fix","data":{"emailPresent":"true, twoFactorEnabled":"true"}}
{"sessionId":"c345b9","id":"log_1773917630570","timestamp":1773917630570,"location":"AuthService.buildLoginResponse","message":"2FA required branch taken","hypothesisId":"H4","runId":"pre-fix","data":{"userId":"1"}}
{"sessionId":"c345b9","id":"log_1773917640503","timestamp":1773917640503,"location":"AuthService.verify2fa","message":"2FA verification started for user","hypothesisId":"H7","runId":"pre-fix","data":{"twoFactorEnabled":"true, userId":"1"}}
{"sessionId":"c345b9","id":"log_1773917640512","timestamp":1773917640512,"location":"AuthService.verify2fa","message":"2FA verification successful","hypothesisId":"H9","runId":"pre-fix","data":{"userId":"1"}}
{"sessionId":"c345b9","id":"log_1773918224475","timestamp":1773918224475,"location":"AuthService.login","message":"Login attempt for existing user","hypothesisId":"H1","runId":"pre-fix","data":{"emailPresent":"true, twoFactorEnabled":"true"}}
{"sessionId":"c345b9","id":"log_1773918224552","timestamp":1773918224552,"location":"AuthService.buildLoginResponse","message":"2FA required branch taken","hypothesisId":"H4","runId":"pre-fix","data":{"userId":"1"}}
{"sessionId":"c345b9","id":"log_1773918251262","timestamp":1773918251263,"location":"AuthService.verify2fa","message":"2FA verification started for user","hypothesisId":"H7","runId":"pre-fix","data":{"twoFactorEnabled":"true, userId":"1"}}
{"sessionId":"c345b9","id":"log_1773918251265","timestamp":1773918251265,"location":"AuthService.verify2fa","message":"Invalid 2FA code during login","hypothesisId":"H8","runId":"pre-fix","data":{"userId":"1"}}
{"sessionId":"c345b9","id":"log_1773918256046","timestamp":1773918256046,"location":"AuthService.verify2fa","message":"2FA verification started for user","hypothesisId":"H7","runId":"pre-fix","data":{"twoFactorEnabled":"true, userId":"1"}}
{"sessionId":"c345b9","id":"log_1773918256047","timestamp":1773918256047,"location":"AuthService.verify2fa","message":"Invalid 2FA code during login","hypothesisId":"H8","runId":"pre-fix","data":{"userId":"1"}}
{"sessionId":"c345b9","id":"log_1773918256770","timestamp":1773918256770,"location":"AuthService.verify2fa","message":"2FA verification started for user","hypothesisId":"H7","runId":"pre-fix","data":{"twoFactorEnabled":"true, userId":"1"}}
{"sessionId":"c345b9","id":"log_1773918256771","timestamp":1773918256771,"location":"AuthService.verify2fa","message":"Invalid 2FA code during login","hypothesisId":"H8","runId":"pre-fix","data":{"userId":"1"}}
{"sessionId":"c345b9","id":"log_1773918257199","timestamp":1773918257199,"location":"AuthService.verify2fa","message":"2FA verification started for user","hypothesisId":"H7","runId":"pre-fix","data":{"twoFactorEnabled":"true, userId":"1"}}
{"sessionId":"c345b9","id":"log_1773918257200","timestamp":1773918257200,"location":"AuthService.verify2fa","message":"Invalid 2FA code during login","hypothesisId":"H8","runId":"pre-fix","data":{"userId":"1"}}
{"sessionId":"c345b9","id":"log_1773918261896","timestamp":1773918261896,"location":"AuthService.login","message":"Login attempt for existing user","hypothesisId":"H1","runId":"pre-fix","data":{"emailPresent":"true, twoFactorEnabled":"true"}}
{"sessionId":"c345b9","id":"log_1773918261972","timestamp":1773918261973,"location":"AuthService.buildLoginResponse","message":"2FA required branch taken","hypothesisId":"H4","runId":"pre-fix","data":{"userId":"1"}}
{"sessionId":"c345b9","id":"log_1773918265343","timestamp":1773918265343,"location":"AuthService.login","message":"Login attempt for existing user","hypothesisId":"H1","runId":"pre-fix","data":{"emailPresent":"true, twoFactorEnabled":"true"}}
{"sessionId":"c345b9","id":"log_1773918265416","timestamp":1773918265416,"location":"AuthService.buildLoginResponse","message":"2FA required branch taken","hypothesisId":"H4","runId":"pre-fix","data":{"userId":"1"}}
{"sessionId":"c345b9","id":"log_1773918266207","timestamp":1773918266207,"location":"AuthService.login","message":"Login attempt for existing user","hypothesisId":"H1","runId":"pre-fix","data":{"emailPresent":"true, twoFactorEnabled":"true"}}
{"sessionId":"c345b9","id":"log_1773918266283","timestamp":1773918266283,"location":"AuthService.buildLoginResponse","message":"2FA required branch taken","hypothesisId":"H4","runId":"pre-fix","data":{"userId":"1"}}
{"sessionId":"c345b9","id":"log_1773918266953","timestamp":1773918266953,"location":"AuthService.login","message":"Login attempt for existing user","hypothesisId":"H1","runId":"pre-fix","data":{"emailPresent":"true, twoFactorEnabled":"true"}}
{"sessionId":"c345b9","id":"log_1773918267040","timestamp":1773918267040,"location":"AuthService.buildLoginResponse","message":"2FA required branch taken","hypothesisId":"H4","runId":"pre-fix","data":{"userId":"1"}}
{"sessionId":"c345b9","id":"log_1773918267737","timestamp":1773918267737,"location":"AuthService.login","message":"Login attempt for existing user","hypothesisId":"H1","runId":"pre-fix","data":{"emailPresent":"true, twoFactorEnabled":"true"}}
{"sessionId":"c345b9","id":"log_1773918267799","timestamp":1773918267799,"location":"AuthService.buildLoginResponse","message":"2FA required branch taken","hypothesisId":"H4","runId":"pre-fix","data":{"userId":"1"}}
{"sessionId":"c345b9","id":"log_1773918277053","timestamp":1773918277053,"location":"AuthService.login","message":"Login attempt for existing user","hypothesisId":"H1","runId":"pre-fix","data":{"emailPresent":"true, twoFactorEnabled":"true"}}
{"sessionId":"c345b9","id":"log_1773918277111","timestamp":1773918277111,"location":"AuthService.buildLoginResponse","message":"2FA required branch taken","hypothesisId":"H4","runId":"pre-fix","data":{"userId":"1"}}
{"sessionId":"c345b9","id":"log_1773918284300","timestamp":1773918284300,"location":"AuthService.verify2fa","message":"2FA verification started for user","hypothesisId":"H7","runId":"pre-fix","data":{"twoFactorEnabled":"true, userId":"1"}}
{"sessionId":"c345b9","id":"log_1773918284301","timestamp":1773918284301,"location":"AuthService.verify2fa","message":"Invalid 2FA code during login","hypothesisId":"H8","runId":"pre-fix","data":{"userId":"1"}}
{"sessionId":"c345b9","id":"log_1773918342240","timestamp":1773918342240,"location":"AuthService.verify2fa","message":"2FA verification started for user","hypothesisId":"H7","runId":"pre-fix","data":{"twoFactorEnabled":"true, userId":"1"}}
{"sessionId":"c345b9","id":"log_1773918342241","timestamp":1773918342241,"location":"AuthService.verify2fa","message":"Invalid 2FA code during login","hypothesisId":"H8","runId":"pre-fix","data":{"userId":"1"}}
{"sessionId":"c345b9","id":"log_1773918865391","timestamp":1773918865391,"location":"AuthService.login","message":"Login attempt for existing user","hypothesisId":"H1","runId":"pre-fix","data":{"twoFactorEnabled":"true, emailPresent":"true"}}
{"sessionId":"c345b9","id":"log_1773918865551","timestamp":1773918865551,"location":"AuthService.buildLoginResponse","message":"2FA required branch taken","hypothesisId":"H4","runId":"pre-fix","data":{"userId":"1"}}
{"sessionId":"c345b9","id":"log_1773918881062","timestamp":1773918881062,"location":"AuthService.verify2fa","message":"2FA verification started for user","hypothesisId":"H7","runId":"pre-fix","data":{"userId":"1, twoFactorEnabled":"true"}}
{"sessionId":"c345b9","id":"log_1773918881064","timestamp":1773918881064,"location":"AuthService.verify2fa","message":"Invalid 2FA code during login","hypothesisId":"H8","runId":"pre-fix","data":{"userId":"1"}}
{"sessionId":"c345b9","id":"log_1773918897230","timestamp":1773918897230,"location":"AuthService.verify2fa","message":"2FA verification started for user","hypothesisId":"H7","runId":"pre-fix","data":{"userId":"1, twoFactorEnabled":"true"}}
{"sessionId":"c345b9","id":"log_1773918897232","timestamp":1773918897232,"location":"AuthService.verify2fa","message":"Invalid 2FA code during login","hypothesisId":"H8","runId":"pre-fix","data":{"userId":"1"}}
{"sessionId":"c345b9","id":"log_1773919183855","timestamp":1773919183855,"location":"AuthService.login","message":"Login attempt for existing user","hypothesisId":"H1","runId":"pre-fix","data":{"emailPresent":"true, twoFactorEnabled":"true"}}
{"sessionId":"c345b9","id":"log_1773919184060","timestamp":1773919184060,"location":"AuthService.buildLoginResponse","message":"2FA required branch taken","hypothesisId":"H4","runId":"pre-fix","data":{"userId":"1"}}
{"sessionId":"c345b9","id":"log_1773919201081","timestamp":1773919201081,"location":"AuthService.verify2fa","message":"2FA verification started for user","hypothesisId":"H7","runId":"pre-fix","data":{"twoFactorEnabled":"true, userId":"1"}}
{"sessionId":"c345b9","id":"log_1773919201086","timestamp":1773919201086,"location":"AuthService.verify2fa","message":"Invalid 2FA code during login","hypothesisId":"H8","runId":"pre-fix","data":{"userId":"1"}}
{"sessionId":"c345b9","id":"log_1773919201969","timestamp":1773919201969,"location":"AuthService.verify2fa","message":"2FA verification started for user","hypothesisId":"H7","runId":"pre-fix","data":{"twoFactorEnabled":"true, userId":"1"}}
{"sessionId":"c345b9","id":"log_1773919201970","timestamp":1773919201970,"location":"AuthService.verify2fa","message":"Invalid 2FA code during login","hypothesisId":"H8","runId":"pre-fix","data":{"userId":"1"}}
{"sessionId":"c345b9","id":"log_1773919202288","timestamp":1773919202288,"location":"AuthService.verify2fa","message":"2FA verification started for user","hypothesisId":"H7","runId":"pre-fix","data":{"twoFactorEnabled":"true, userId":"1"}}
{"sessionId":"c345b9","id":"log_1773919202291","timestamp":1773919202291,"location":"AuthService.verify2fa","message":"Invalid 2FA code during login","hypothesisId":"H8","runId":"pre-fix","data":{"userId":"1"}}
{"sessionId":"c345b9","id":"log_1773919202586","timestamp":1773919202586,"location":"AuthService.verify2fa","message":"2FA verification started for user","hypothesisId":"H7","runId":"pre-fix","data":{"twoFactorEnabled":"true, userId":"1"}}
{"sessionId":"c345b9","id":"log_1773919202592","timestamp":1773919202592,"location":"AuthService.verify2fa","message":"Invalid 2FA code during login","hypothesisId":"H8","runId":"pre-fix","data":{"userId":"1"}}
{"sessionId":"c345b9","id":"log_1773920334175","timestamp":1773920334176,"location":"AuthService.login","message":"Login attempt for existing user","hypothesisId":"H1","runId":"pre-fix","data":{"emailPresent":"true, twoFactorEnabled":"true"}}
{"sessionId":"c345b9","id":"log_1773920334337","timestamp":1773920334337,"location":"AuthService.buildLoginResponse","message":"2FA required branch taken","hypothesisId":"H4","runId":"pre-fix","data":{"userId":"1"}}
{"sessionId":"c345b9","id":"log_1773920346237","timestamp":1773920346237,"location":"AuthService.verify2fa","message":"2FA verification started for user","hypothesisId":"H7","runId":"pre-fix","data":{"twoFactorEnabled":"true, userId":"1"}}
{"sessionId":"c345b9","id":"log_1773920346247","timestamp":1773920346247,"location":"AuthService.verify2fa","message":"Invalid 2FA code during login","hypothesisId":"H8","runId":"pre-fix","data":{"userId":"1"}}
{"sessionId":"c345b9","id":"log_1773920489987","timestamp":1773920489987,"location":"AuthService.login","message":"Login attempt for existing user","hypothesisId":"H1","runId":"pre-fix","data":{"emailPresent":"true, twoFactorEnabled":"false"}}
{"sessionId":"c345b9","id":"log_1773920490068","timestamp":1773920490068,"location":"AuthService.buildLoginResponse","message":"Password-only login successful","hypothesisId":"H5","runId":"pre-fix","data":{"twoFactorEnabled":"false, userId":"1"}}
{"sessionId":"c345b9","id":"log_1773920526792","timestamp":1773920526792,"location":"AuthService.login","message":"Login attempt for existing user","hypothesisId":"H1","runId":"pre-fix","data":{"emailPresent":"true, twoFactorEnabled":"true"}}
{"sessionId":"c345b9","id":"log_1773920526868","timestamp":1773920526868,"location":"AuthService.buildLoginResponse","message":"2FA required branch taken","hypothesisId":"H4","runId":"pre-fix","data":{"userId":"1"}}
{"sessionId":"c345b9","id":"log_1773920533702","timestamp":1773920533702,"location":"AuthService.verify2fa","message":"2FA verification started for user","hypothesisId":"H7","runId":"pre-fix","data":{"twoFactorEnabled":"true, userId":"1"}}
{"sessionId":"c345b9","id":"log_1773920533705","timestamp":1773920533705,"location":"AuthService.verify2fa","message":"2FA verification successful","hypothesisId":"H9","runId":"pre-fix","data":{"userId":"1"}}
{"sessionId":"c345b9","id":"log_1773920584312","timestamp":1773920584312,"location":"AuthService.login","message":"Login attempt for existing user","hypothesisId":"H1","runId":"pre-fix","data":{"emailPresent":"true, twoFactorEnabled":"true"}}
{"sessionId":"c345b9","id":"log_1773921006111","timestamp":1773921006111,"location":"AuthService.login","message":"Login attempt for existing user","hypothesisId":"H1","runId":"pre-fix","data":{"emailPresent":"true, twoFactorEnabled":"true"}}
{"sessionId":"c345b9","id":"log_1773921084831","timestamp":1773921084831,"location":"AuthService.login","message":"Login attempt for existing user","hypothesisId":"H1","runId":"pre-fix","data":{"emailPresent":"true, twoFactorEnabled":"true"}}
{"sessionId":"c345b9","id":"log_1773921084981","timestamp":1773921084981,"location":"AuthService.buildLoginResponse","message":"2FA required branch taken","hypothesisId":"H4","runId":"pre-fix","data":{"userId":"1"}}
{"sessionId":"c345b9","id":"log_1773921094480","timestamp":1773921094480,"location":"AuthService.verify2fa","message":"2FA verification started for user","hypothesisId":"H7","runId":"pre-fix","data":{"twoFactorEnabled":"true, userId":"1"}}
{"sessionId":"c345b9","id":"log_1773921094490","timestamp":1773921094490,"location":"AuthService.verify2fa","message":"2FA verification successful","hypothesisId":"H9","runId":"pre-fix","data":{"userId":"1"}}
{"sessionId":"c345b9","id":"log_1773921217833","timestamp":1773921217833,"location":"AuthService.login","message":"Login attempt for existing user","hypothesisId":"H1","runId":"pre-fix","data":{"emailPresent":"true, twoFactorEnabled":"false"}}
{"sessionId":"c345b9","id":"log_1773921217911","timestamp":1773921217911,"location":"AuthService.buildLoginResponse","message":"Password-only login successful","hypothesisId":"H5","runId":"pre-fix","data":{"twoFactorEnabled":"false, userId":"2"}}
{"sessionId":"c345b9","id":"log_1773921433942","timestamp":1773921433942,"location":"AuthService.login","message":"Login attempt for existing user","hypothesisId":"H1","runId":"pre-fix","data":{"emailPresent":"true, twoFactorEnabled":"true"}}
{"sessionId":"c345b9","id":"log_1773921434105","timestamp":1773921434105,"location":"AuthService.buildLoginResponse","message":"2FA required branch taken","hypothesisId":"H4","runId":"pre-fix","data":{"userId":"1"}}
{"sessionId":"c345b9","id":"log_1773921440817","timestamp":1773921440817,"location":"AuthService.verify2fa","message":"2FA verification started for user","hypothesisId":"H7","runId":"pre-fix","data":{"twoFactorEnabled":"true, userId":"1"}}
{"sessionId":"c345b9","id":"log_1773921440822","timestamp":1773921440822,"location":"AuthService.verify2fa","message":"2FA verification successful","hypothesisId":"H9","runId":"pre-fix","data":{"userId":"1"}}
{"sessionId":"c345b9","id":"log_1773921501929","timestamp":1773921501929,"location":"AuthService.login","message":"Login attempt for existing user","hypothesisId":"H1","runId":"pre-fix","data":{"emailPresent":"true, twoFactorEnabled":"false"}}
{"sessionId":"c345b9","id":"log_1773921502008","timestamp":1773921502008,"location":"AuthService.buildLoginResponse","message":"Password-only login successful","hypothesisId":"H5","runId":"pre-fix","data":{"twoFactorEnabled":"false, userId":"1"}}
{"sessionId":"c345b9","id":"log_1773921667771","timestamp":1773921667771,"location":"AuthService.login","message":"Login attempt for existing user","hypothesisId":"H1","runId":"pre-fix","data":{"emailPresent":"true, twoFactorEnabled":"false"}}
{"sessionId":"c345b9","id":"log_1773921681901","timestamp":1773921681901,"location":"AuthService.login","message":"Login attempt for existing user","hypothesisId":"H1","runId":"pre-fix","data":{"emailPresent":"true, twoFactorEnabled":"false"}}
{"sessionId":"c345b9","id":"log_1773921681963","timestamp":1773921681963,"location":"AuthService.buildLoginResponse","message":"Password-only login successful","hypothesisId":"H5","runId":"pre-fix","data":{"twoFactorEnabled":"false, userId":"1"}}
{"sessionId":"c345b9","id":"log_1773921698966","timestamp":1773921698966,"location":"AuthService.login","message":"Login attempt for existing user","hypothesisId":"H1","runId":"pre-fix","data":{"emailPresent":"true, twoFactorEnabled":"false"}}
{"sessionId":"c345b9","id":"log_1773921699041","timestamp":1773921699041,"location":"AuthService.buildLoginResponse","message":"Password-only login successful","hypothesisId":"H5","runId":"pre-fix","data":{"twoFactorEnabled":"false, userId":"2"}}
{"sessionId":"c345b9","id":"log_1773921934727","timestamp":1773921934727,"location":"AuthService.login","message":"Login attempt for existing user","hypothesisId":"H1","runId":"pre-fix","data":{"emailPresent":"true, twoFactorEnabled":"false"}}
{"sessionId":"c345b9","id":"log_1773921934799","timestamp":1773921934799,"location":"AuthService.buildLoginResponse","message":"Email not verified during login","hypothesisId":"H3","runId":"pre-fix","data":{"twoFactorEnabled":"false, userId":"3"}}
{"sessionId":"c345b9","id":"log_1773923902407","timestamp":1773923902407,"location":"AuthService.login","message":"Login attempt for existing user","hypothesisId":"H1","runId":"pre-fix","data":{"emailPresent":"true, twoFactorEnabled":"false"}}
{"sessionId":"c345b9","id":"log_1773923902518","timestamp":1773923902518,"location":"AuthService.buildLoginResponse","message":"Password-only login successful","hypothesisId":"H5","runId":"pre-fix","data":{"twoFactorEnabled":"false, userId":"1"}}
{"sessionId":"c345b9","id":"log_1773924349428","timestamp":1773924349428,"location":"AuthService.login","message":"Login attempt for existing user","hypothesisId":"H1","runId":"pre-fix","data":{"emailPresent":"true, twoFactorEnabled":"false"}}
{"sessionId":"c345b9","id":"log_1773924349527","timestamp":1773924349527,"location":"AuthService.buildLoginResponse","message":"Password-only login successful","hypothesisId":"H5","runId":"pre-fix","data":{"twoFactorEnabled":"false, userId":"1"}}
{"sessionId":"c345b9","id":"log_1773924417009","timestamp":1773924417009,"location":"AuthService.login","message":"Login attempt for existing user","hypothesisId":"H1","runId":"pre-fix","data":{"emailPresent":"true, twoFactorEnabled":"false"}}
{"sessionId":"c345b9","id":"log_1773924417086","timestamp":1773924417086,"location":"AuthService.buildLoginResponse","message":"Password-only login successful","hypothesisId":"H5","runId":"pre-fix","data":{"twoFactorEnabled":"false, userId":"4"}}
{"sessionId":"c345b9","id":"log_1773924587648","timestamp":1773924587648,"location":"AuthService.login","message":"Login attempt for existing user","hypothesisId":"H1","runId":"pre-fix","data":{"emailPresent":"true, twoFactorEnabled":"false"}}
{"sessionId":"c345b9","id":"log_1773924587716","timestamp":1773924587716,"location":"AuthService.buildLoginResponse","message":"Password-only login successful","hypothesisId":"H5","runId":"pre-fix","data":{"twoFactorEnabled":"false, userId":"5"}}
{"sessionId":"c345b9","id":"log_1773924587786","timestamp":1773924587786,"location":"AuthService.login","message":"Login attempt for existing user","hypothesisId":"H1","runId":"pre-fix","data":{"emailPresent":"true, twoFactorEnabled":"false"}}
{"sessionId":"c345b9","id":"log_1773924587858","timestamp":1773924587858,"location":"AuthService.buildLoginResponse","message":"Password-only login successful","hypothesisId":"H5","runId":"pre-fix","data":{"twoFactorEnabled":"false, userId":"5"}}
{"sessionId":"c345b9","id":"log_1773924808499","timestamp":1773924808499,"location":"AuthService.login","message":"Login attempt for existing user","hypothesisId":"H1","runId":"pre-fix","data":{"emailPresent":"true, twoFactorEnabled":"false"}}
{"sessionId":"c345b9","id":"log_1773924808575","timestamp":1773924808575,"location":"AuthService.buildLoginResponse","message":"Password-only login successful","hypothesisId":"H5","runId":"pre-fix","data":{"twoFactorEnabled":"false, userId":"5"}}
{"sessionId":"c345b9","id":"log_1773924808630","timestamp":1773924808630,"location":"AuthService.login","message":"Login attempt for existing user","hypothesisId":"H1","runId":"pre-fix","data":{"emailPresent":"true, twoFactorEnabled":"false"}}
{"sessionId":"c345b9","id":"log_1773924808705","timestamp":1773924808705,"location":"AuthService.buildLoginResponse","message":"Password-only login successful","hypothesisId":"H5","runId":"pre-fix","data":{"twoFactorEnabled":"false, userId":"5"}}
{"sessionId":"c345b9","id":"log_1773925902300","timestamp":1773925902300,"location":"AuthService.login","message":"Login attempt for existing user","hypothesisId":"H1","runId":"pre-fix","data":{"emailPresent":"true, twoFactorEnabled":"false"}}
{"sessionId":"c345b9","id":"log_1773925902386","timestamp":1773925902386,"location":"AuthService.buildLoginResponse","message":"Password-only login successful","hypothesisId":"H5","runId":"pre-fix","data":{"twoFactorEnabled":"false, userId":"5"}}
{"sessionId":"c345b9","id":"log_1773925903400","timestamp":1773925903400,"location":"AuthService.login","message":"Login attempt for existing user","hypothesisId":"H1","runId":"pre-fix","data":{"emailPresent":"true, twoFactorEnabled":"false"}}
{"sessionId":"c345b9","id":"log_1773925903478","timestamp":1773925903478,"location":"AuthService.buildLoginResponse","message":"Password-only login successful","hypothesisId":"H5","runId":"pre-fix","data":{"twoFactorEnabled":"false, userId":"5"}}
{"sessionId":"c345b9","id":"log_1773925903493","timestamp":1773925903493,"location":"AuthService.login","message":"Login attempt for existing user","hypothesisId":"H1","runId":"pre-fix","data":{"emailPresent":"true, twoFactorEnabled":"false"}}
{"sessionId":"c345b9","id":"log_1773925903568","timestamp":1773925903568,"location":"AuthService.buildLoginResponse","message":"Password-only login successful","hypothesisId":"H5","runId":"pre-fix","data":{"twoFactorEnabled":"false, userId":"5"}}
{"sessionId":"c345b9","id":"log_1773925903578","timestamp":1773925903578,"location":"AuthService.login","message":"Login attempt for existing user","hypothesisId":"H1","runId":"pre-fix","data":{"emailPresent":"true, twoFactorEnabled":"false"}}
{"sessionId":"c345b9","id":"log_1773925903656","timestamp":1773925903656,"location":"AuthService.buildLoginResponse","message":"Password-only login successful","hypothesisId":"H5","runId":"pre-fix","data":{"twoFactorEnabled":"false, userId":"5"}}
{"sessionId":"c345b9","id":"log_1773925903668","timestamp":1773925903669,"location":"AuthService.login","message":"Login attempt for existing user","hypothesisId":"H1","runId":"pre-fix","data":{"emailPresent":"true, twoFactorEnabled":"false"}}
{"sessionId":"c345b9","id":"log_1773925903745","timestamp":1773925903745,"location":"AuthService.buildLoginResponse","message":"Password-only login successful","hypothesisId":"H5","runId":"pre-fix","data":{"twoFactorEnabled":"false, userId":"5"}}
{"sessionId":"c345b9","id":"log_1773925903756","timestamp":1773925903756,"location":"AuthService.login","message":"Login attempt for existing user","hypothesisId":"H1","runId":"pre-fix","data":{"emailPresent":"true, twoFactorEnabled":"false"}}
{"sessionId":"c345b9","id":"log_1773925903833","timestamp":1773925903833,"location":"AuthService.buildLoginResponse","message":"Password-only login successful","hypothesisId":"H5","runId":"pre-fix","data":{"twoFactorEnabled":"false, userId":"5"}}
{"sessionId":"c345b9","id":"log_1773925903842","timestamp":1773925903842,"location":"AuthService.login","message":"Login attempt for existing user","hypothesisId":"H1","runId":"pre-fix","data":{"emailPresent":"true, twoFactorEnabled":"false"}}
{"sessionId":"c345b9","id":"log_1773925903917","timestamp":1773925903917,"location":"AuthService.buildLoginResponse","message":"Password-only login successful","hypothesisId":"H5","runId":"pre-fix","data":{"twoFactorEnabled":"false, userId":"5"}}
{"sessionId":"c345b9","id":"log_1773925903929","timestamp":1773925903929,"location":"AuthService.login","message":"Login attempt for existing user","hypothesisId":"H1","runId":"pre-fix","data":{"emailPresent":"true, twoFactorEnabled":"false"}}
{"sessionId":"c345b9","id":"log_1773925904002","timestamp":1773925904002,"location":"AuthService.buildLoginResponse","message":"Password-only login successful","hypothesisId":"H5","runId":"pre-fix","data":{"twoFactorEnabled":"false, userId":"5"}}
{"sessionId":"c345b9","id":"log_1773925904016","timestamp":1773925904016,"location":"AuthService.login","message":"Login attempt for existing user","hypothesisId":"H1","runId":"pre-fix","data":{"emailPresent":"true, twoFactorEnabled":"false"}}
{"sessionId":"c345b9","id":"log_1773925904090","timestamp":1773925904090,"location":"AuthService.buildLoginResponse","message":"Password-only login successful","hypothesisId":"H5","runId":"pre-fix","data":{"twoFactorEnabled":"false, userId":"5"}}
{"sessionId":"c345b9","id":"log_1773925904102","timestamp":1773925904102,"location":"AuthService.login","message":"Login attempt for existing user","hypothesisId":"H1","runId":"pre-fix","data":{"emailPresent":"true, twoFactorEnabled":"false"}}
{"sessionId":"c345b9","id":"log_1773925904178","timestamp":1773925904178,"location":"AuthService.buildLoginResponse","message":"Password-only login successful","hypothesisId":"H5","runId":"pre-fix","data":{"twoFactorEnabled":"false, userId":"5"}}
{"sessionId":"c345b9","id":"log_1773925904192","timestamp":1773925904192,"location":"AuthService.login","message":"Login attempt for existing user","hypothesisId":"H1","runId":"pre-fix","data":{"emailPresent":"true, twoFactorEnabled":"false"}}
{"sessionId":"c345b9","id":"log_1773925904271","timestamp":1773925904271,"location":"AuthService.buildLoginResponse","message":"Password-only login successful","hypothesisId":"H5","runId":"pre-fix","data":{"twoFactorEnabled":"false, userId":"5"}}
{"sessionId":"c345b9","id":"log_1773925904281","timestamp":1773925904281,"location":"AuthService.login","message":"Login attempt for existing user","hypothesisId":"H1","runId":"pre-fix","data":{"emailPresent":"true, twoFactorEnabled":"false"}}
{"sessionId":"c345b9","id":"log_1773925904360","timestamp":1773925904360,"location":"AuthService.buildLoginResponse","message":"Password-only login successful","hypothesisId":"H5","runId":"pre-fix","data":{"twoFactorEnabled":"false, userId":"5"}}
{"sessionId":"c345b9","id":"log_1773925904371","timestamp":1773925904371,"location":"AuthService.login","message":"Login attempt for existing user","hypothesisId":"H1","runId":"pre-fix","data":{"emailPresent":"true, twoFactorEnabled":"false"}}
{"sessionId":"c345b9","id":"log_1773925904403","timestamp":1773925904403,"location":"AuthService.login","message":"Login attempt for existing user","hypothesisId":"H1","runId":"pre-fix","data":{"emailPresent":"true, twoFactorEnabled":"false"}}
{"sessionId":"c345b9","id":"log_1773925904468","timestamp":1773925904468,"location":"AuthService.buildLoginResponse","message":"Password-only login successful","hypothesisId":"H5","runId":"pre-fix","data":{"twoFactorEnabled":"false, userId":"5"}}
{"sessionId":"c345b9","id":"log_1773925904485","timestamp":1773925904485,"location":"AuthService.login","message":"Login attempt for existing user","hypothesisId":"H1","runId":"pre-fix","data":{"emailPresent":"true, twoFactorEnabled":"false"}}
{"sessionId":"c345b9","id":"log_1773925904509","timestamp":1773925904509,"location":"AuthService.buildLoginResponse","message":"Password-only login successful","hypothesisId":"H5","runId":"pre-fix","data":{"twoFactorEnabled":"false, userId":"5"}}
{"sessionId":"c345b9","id":"log_1773925904528","timestamp":1773925904528,"location":"AuthService.login","message":"Login attempt for existing user","hypothesisId":"H1","runId":"pre-fix","data":{"emailPresent":"true, twoFactorEnabled":"false"}}
{"sessionId":"c345b9","id":"log_1773925904562","timestamp":1773925904562,"location":"AuthService.buildLoginResponse","message":"Password-only login successful","hypothesisId":"H5","runId":"pre-fix","data":{"twoFactorEnabled":"false, userId":"5"}}
{"sessionId":"c345b9","id":"log_1773925904572","timestamp":1773925904572,"location":"AuthService.login","message":"Login attempt for existing user","hypothesisId":"H1","runId":"pre-fix","data":{"emailPresent":"true, twoFactorEnabled":"false"}}
{"sessionId":"c345b9","id":"log_1773925904613","timestamp":1773925904613,"location":"AuthService.buildLoginResponse","message":"Password-only login successful","hypothesisId":"H5","runId":"pre-fix","data":{"twoFactorEnabled":"false, userId":"5"}}
{"sessionId":"c345b9","id":"log_1773925904623","timestamp":1773925904623,"location":"AuthService.login","message":"Login attempt for existing user","hypothesisId":"H1","runId":"pre-fix","data":{"emailPresent":"true, twoFactorEnabled":"false"}}
{"sessionId":"c345b9","id":"log_1773925904659","timestamp":1773925904659,"location":"AuthService.buildLoginResponse","message":"Password-only login successful","hypothesisId":"H5","runId":"pre-fix","data":{"twoFactorEnabled":"false, userId":"5"}}
{"sessionId":"c345b9","id":"log_1773925904671","timestamp":1773925904671,"location":"AuthService.login","message":"Login attempt for existing user","hypothesisId":"H1","runId":"pre-fix","data":{"emailPresent":"true, twoFactorEnabled":"false"}}
{"sessionId":"c345b9","id":"log_1773925904703","timestamp":1773925904703,"location":"AuthService.buildLoginResponse","message":"Password-only login successful","hypothesisId":"H5","runId":"pre-fix","data":{"twoFactorEnabled":"false, userId":"5"}}
{"sessionId":"c345b9","id":"log_1773925904752","timestamp":1773925904752,"location":"AuthService.buildLoginResponse","message":"Password-only login successful","hypothesisId":"H5","runId":"pre-fix","data":{"twoFactorEnabled":"false, userId":"5"}}
{"sessionId":"c345b9","id":"log_1773925962341","timestamp":1773925962341,"location":"AuthService.login","message":"Login attempt for existing user","hypothesisId":"H1","runId":"pre-fix","data":{"emailPresent":"true, twoFactorEnabled":"false"}}
{"sessionId":"c345b9","id":"log_1773925962347","timestamp":1773925962347,"location":"AuthService.login","message":"Login attempt for existing user","hypothesisId":"H1","runId":"pre-fix","data":{"emailPresent":"true, twoFactorEnabled":"false"}}
{"sessionId":"c345b9","id":"log_1773925962351","timestamp":1773925962351,"location":"AuthService.login","message":"Login attempt for existing user","hypothesisId":"H1","runId":"pre-fix","data":{"emailPresent":"true, twoFactorEnabled":"false"}}
{"sessionId":"c345b9","id":"log_1773925962353","timestamp":1773925962353,"location":"AuthService.login","message":"Login attempt for existing user","hypothesisId":"H1","runId":"pre-fix","data":{"emailPresent":"true, twoFactorEnabled":"false"}}
{"sessionId":"c345b9","id":"log_1773925962368","timestamp":1773925962368,"location":"AuthService.login","message":"Login attempt for existing user","hypothesisId":"H1","runId":"pre-fix","data":{"emailPresent":"true, twoFactorEnabled":"false"}}
{"sessionId":"c345b9","id":"log_1773925962392","timestamp":1773925962392,"location":"AuthService.login","message":"Login attempt for existing user","hypothesisId":"H1","runId":"pre-fix","data":{"emailPresent":"true, twoFactorEnabled":"false"}}
{"sessionId":"c345b9","id":"log_1773925962396","timestamp":1773925962396,"location":"AuthService.login","message":"Login attempt for existing user","hypothesisId":"H1","runId":"pre-fix","data":{"emailPresent":"true, twoFactorEnabled":"false"}}
{"sessionId":"c345b9","id":"log_1773925962395","timestamp":1773925962395,"location":"AuthService.login","message":"Login attempt for existing user","hypothesisId":"H1","runId":"pre-fix","data":{"emailPresent":"true, twoFactorEnabled":"false"}}
{"sessionId":"c345b9","id":"log_1773925962430","timestamp":1773925962430,"location":"AuthService.login","message":"Login attempt for existing user","hypothesisId":"H1","runId":"pre-fix","data":{"emailPresent":"true, twoFactorEnabled":"false"}}
{"sessionId":"c345b9","id":"log_1773925962585","timestamp":1773925962585,"location":"AuthService.login","message":"Login attempt for existing user","hypothesisId":"H1","runId":"pre-fix","data":{"emailPresent":"true, twoFactorEnabled":"false"}}
{"sessionId":"c345b9","id":"log_1773925962686","timestamp":1773925962686,"location":"AuthService.buildLoginResponse","message":"Password-only login successful","hypothesisId":"H5","runId":"pre-fix","data":{"twoFactorEnabled":"false, userId":"5"}}
{"sessionId":"c345b9","id":"log_1773925962686","timestamp":1773925962686,"location":"AuthService.buildLoginResponse","message":"Password-only login successful","hypothesisId":"H5","runId":"pre-fix","data":{"twoFactorEnabled":"false, userId":"5"}}
{"sessionId":"c345b9","id":"log_1773925962686","timestamp":1773925962687,"location":"AuthService.buildLoginResponse","message":"Password-only login successful","hypothesisId":"H5","runId":"pre-fix","data":{"twoFactorEnabled":"false, userId":"5"}}
{"sessionId":"c345b9","id":"log_1773925962692","timestamp":1773925962692,"location":"AuthService.buildLoginResponse","message":"Password-only login successful","hypothesisId":"H5","runId":"pre-fix","data":{"twoFactorEnabled":"false, userId":"5"}}
{"sessionId":"c345b9","id":"log_1773925962698","timestamp":1773925962698,"location":"AuthService.buildLoginResponse","message":"Password-only login successful","hypothesisId":"H5","runId":"pre-fix","data":{"twoFactorEnabled":"false, userId":"5"}}
{"sessionId":"c345b9","id":"log_1773925962706","timestamp":1773925962706,"location":"AuthService.buildLoginResponse","message":"Password-only login successful","hypothesisId":"H5","runId":"pre-fix","data":{"twoFactorEnabled":"false, userId":"5"}}
{"sessionId":"c345b9","id":"log_1773925962714","timestamp":1773925962714,"location":"AuthService.login","message":"Login attempt for existing user","hypothesisId":"H1","runId":"pre-fix","data":{"emailPresent":"true, twoFactorEnabled":"false"}}
{"sessionId":"c345b9","id":"log_1773925962715","timestamp":1773925962715,"location":"AuthService.login","message":"Login attempt for existing user","hypothesisId":"H1","runId":"pre-fix","data":{"emailPresent":"true, twoFactorEnabled":"false"}}
{"sessionId":"c345b9","id":"log_1773925962720","timestamp":1773925962720,"location":"AuthService.login","message":"Login attempt for existing user","hypothesisId":"H1","runId":"pre-fix","data":{"emailPresent":"true, twoFactorEnabled":"false"}}
{"sessionId":"c345b9","id":"log_1773925962739","timestamp":1773925962739,"location":"AuthService.login","message":"Login attempt for existing user","hypothesisId":"H1","runId":"pre-fix","data":{"emailPresent":"true, twoFactorEnabled":"false"}}
{"sessionId":"c345b9","id":"log_1773925962741","timestamp":1773925962741,"location":"AuthService.login","message":"Login attempt for existing user","hypothesisId":"H1","runId":"pre-fix","data":{"emailPresent":"true, twoFactorEnabled":"false"}}
{"sessionId":"c345b9","id":"log_1773925962767","timestamp":1773925962767,"location":"AuthService.login","message":"Login attempt for existing user","hypothesisId":"H1","runId":"pre-fix","data":{"emailPresent":"true, twoFactorEnabled":"false"}}
{"sessionId":"c345b9","id":"log_1773925962792","timestamp":1773925962792,"location":"AuthService.buildLoginResponse","message":"Password-only login successful","hypothesisId":"H5","runId":"pre-fix","data":{"twoFactorEnabled":"false, userId":"5"}}
{"sessionId":"c345b9","id":"log_1773925962797","timestamp":1773925962797,"location":"AuthService.buildLoginResponse","message":"Password-only login successful","hypothesisId":"H5","runId":"pre-fix","data":{"twoFactorEnabled":"false, userId":"5"}}
{"sessionId":"c345b9","id":"log_1773925962818","timestamp":1773925962818,"location":"AuthService.buildLoginResponse","message":"Password-only login successful","hypothesisId":"H5","runId":"pre-fix","data":{"twoFactorEnabled":"false, userId":"5"}}
{"sessionId":"c345b9","id":"log_1773925962838","timestamp":1773925962838,"location":"AuthService.login","message":"Login attempt for existing user","hypothesisId":"H1","runId":"pre-fix","data":{"emailPresent":"true, twoFactorEnabled":"false"}}
{"sessionId":"c345b9","id":"log_1773925962838","timestamp":1773925962838,"location":"AuthService.login","message":"Login attempt for existing user","hypothesisId":"H1","runId":"pre-fix","data":{"emailPresent":"true, twoFactorEnabled":"false"}}
{"sessionId":"c345b9","id":"log_1773925962842","timestamp":1773925962842,"location":"AuthService.login","message":"Login attempt for existing user","hypothesisId":"H1","runId":"pre-fix","data":{"emailPresent":"true, twoFactorEnabled":"false"}}
{"sessionId":"c345b9","id":"log_1773925963016","timestamp":1773925963016,"location":"AuthService.buildLoginResponse","message":"Password-only login successful","hypothesisId":"H5","runId":"pre-fix","data":{"twoFactorEnabled":"false, userId":"5"}}
{"sessionId":"c345b9","id":"log_1773925963016","timestamp":1773925963016,"location":"AuthService.buildLoginResponse","message":"Password-only login successful","hypothesisId":"H5","runId":"pre-fix","data":{"twoFactorEnabled":"false, userId":"5"}}
{"sessionId":"c345b9","id":"log_1773925963020","timestamp":1773925963020,"location":"AuthService.buildLoginResponse","message":"Password-only login successful","hypothesisId":"H5","runId":"pre-fix","data":{"twoFactorEnabled":"false, userId":"5"}}
{"sessionId":"c345b9","id":"log_1773925963022","timestamp":1773925963022,"location":"AuthService.buildLoginResponse","message":"Password-only login successful","hypothesisId":"H5","runId":"pre-fix","data":{"twoFactorEnabled":"false, userId":"5"}}
{"sessionId":"c345b9","id":"log_1773925963027","timestamp":1773925963027,"location":"AuthService.buildLoginResponse","message":"Password-only login successful","hypothesisId":"H5","runId":"pre-fix","data":{"twoFactorEnabled":"false, userId":"5"}}
{"sessionId":"c345b9","id":"log_1773925963041","timestamp":1773925963041,"location":"AuthService.login","message":"Login attempt for existing user","hypothesisId":"H1","runId":"pre-fix","data":{"emailPresent":"true, twoFactorEnabled":"false"}}
{"sessionId":"c345b9","id":"log_1773925963071","timestamp":1773925963071,"location":"AuthService.buildLoginResponse","message":"Password-only login successful","hypothesisId":"H5","runId":"pre-fix","data":{"twoFactorEnabled":"false, userId":"5"}}
{"sessionId":"c345b9","id":"log_1773925963092","timestamp":1773925963092,"location":"AuthService.buildLoginResponse","message":"Password-only login successful","hypothesisId":"H5","runId":"pre-fix","data":{"twoFactorEnabled":"false, userId":"5"}}
{"sessionId":"c345b9","id":"log_1773925963093","timestamp":1773925963093,"location":"AuthService.buildLoginResponse","message":"Password-only login successful","hypothesisId":"H5","runId":"pre-fix","data":{"twoFactorEnabled":"false, userId":"5"}}
{"sessionId":"c345b9","id":"log_1773925963111","timestamp":1773925963111,"location":"AuthService.buildLoginResponse","message":"Password-only login successful","hypothesisId":"H5","runId":"pre-fix","data":{"twoFactorEnabled":"false, userId":"5"}}
{"sessionId":"c345b9","id":"log_1773925963132","timestamp":1773925963133,"location":"AuthService.buildLoginResponse","message":"Password-only login successful","hypothesisId":"H5","runId":"pre-fix","data":{"twoFactorEnabled":"false, userId":"5"}}
{"sessionId":"c345b9","id":"log_1773925963235","timestamp":1773925963235,"location":"AuthService.buildLoginResponse","message":"Password-only login successful","hypothesisId":"H5","runId":"pre-fix","data":{"twoFactorEnabled":"false, userId":"5"}}
{"sessionId":"c345b9","id":"log_1774007713522","timestamp":1774007713522,"location":"AuthService.login","message":"Login attempt for existing user","hypothesisId":"H1","runId":"pre-fix","data":{"twoFactorEnabled":"true, emailPresent":"true"}}
{"sessionId":"c345b9","id":"log_1774007713701","timestamp":1774007713701,"location":"AuthService.buildLoginResponse","message":"2FA required branch taken","hypothesisId":"H4","runId":"pre-fix","data":{"userId":"1"}}
{"sessionId":"c345b9","id":"log_1774007722799","timestamp":1774007722799,"location":"AuthService.login","message":"Login attempt for existing user","hypothesisId":"H1","runId":"pre-fix","data":{"twoFactorEnabled":"true, emailPresent":"true"}}
{"sessionId":"c345b9","id":"log_1774007722888","timestamp":1774007722889,"location":"AuthService.buildLoginResponse","message":"2FA required branch taken","hypothesisId":"H4","runId":"pre-fix","data":{"userId":"1"}}
{"sessionId":"c345b9","id":"log_1774007845822","timestamp":1774007845822,"location":"AuthService.login","message":"Login attempt for existing user","hypothesisId":"H1","runId":"pre-fix","data":{"emailPresent":"true, twoFactorEnabled":"false"}}
{"sessionId":"c345b9","id":"log_1774007845897","timestamp":1774007845897,"location":"AuthService.buildLoginResponse","message":"Password-only login successful","hypothesisId":"H5","runId":"pre-fix","data":{"twoFactorEnabled":"false, userId":"1"}}
{"sessionId":"c345b9","id":"log_1774008265163","timestamp":1774008265163,"location":"AuthService.login","message":"Login attempt for existing user","hypothesisId":"H1","runId":"pre-fix","data":{"emailPresent":"true, twoFactorEnabled":"false"}}
{"sessionId":"c345b9","id":"log_1774008265239","timestamp":1774008265239,"location":"AuthService.buildLoginResponse","message":"Password-only login successful","hypothesisId":"H5","runId":"pre-fix","data":{"twoFactorEnabled":"false, userId":"1"}}
{"sessionId":"c345b9","id":"log_1774012472288","timestamp":1774012472288,"location":"AuthService.login","message":"Login attempt for existing user","hypothesisId":"H1","runId":"pre-fix","data":{"twoFactorEnabled":"false, emailPresent":"true"}}
{"sessionId":"c345b9","id":"log_1774012472371","timestamp":1774012472371,"location":"AuthService.buildLoginResponse","message":"Password-only login successful","hypothesisId":"H5","runId":"pre-fix","data":{"userId":"1, twoFactorEnabled":"false"}}
{"sessionId":"c345b9","id":"log_1774012587948","timestamp":1774012587948,"location":"AuthService.verify2fa","message":"2FA verification started for user","hypothesisId":"H7","runId":"pre-fix","data":{"userId":"1, twoFactorEnabled":"true"}}
{"sessionId":"c345b9","id":"log_1774012587954","timestamp":1774012587954,"location":"AuthService.verify2fa","message":"Invalid 2FA code during login","hypothesisId":"H8","runId":"pre-fix","data":{"userId":"1"}}
{"sessionId":"c345b9","id":"log_1774013457629","timestamp":1774013457629,"location":"AuthService.login","message":"Login attempt for existing user","hypothesisId":"H1","runId":"pre-fix","data":{"twoFactorEnabled":"false, emailPresent":"true"}}
{"sessionId":"c345b9","id":"log_1774013457709","timestamp":1774013457709,"location":"AuthService.buildLoginResponse","message":"Password-only login successful","hypothesisId":"H5","runId":"pre-fix","data":{"userId":"1, twoFactorEnabled":"false"}}
{"sessionId":"c345b9","id":"log_1774014021265","timestamp":1774014021265,"location":"AuthService.login","message":"Login attempt for existing user","hypothesisId":"H1","runId":"pre-fix","data":{"twoFactorEnabled":"false, emailPresent":"true"}}
{"sessionId":"c345b9","id":"log_1774014021355","timestamp":1774014021355,"location":"AuthService.buildLoginResponse","message":"Password-only login successful","hypothesisId":"H5","runId":"pre-fix","data":{"userId":"1, twoFactorEnabled":"false"}}
{"sessionId":"c345b9","id":"log_1774014663750","timestamp":1774014663750,"location":"AuthService.login","message":"Login attempt for existing user","hypothesisId":"H1","runId":"pre-fix","data":{"twoFactorEnabled":"false, emailPresent":"true"}}
{"sessionId":"c345b9","id":"log_1774014663823","timestamp":1774014663823,"location":"AuthService.buildLoginResponse","message":"Email not verified during login","hypothesisId":"H3","runId":"pre-fix","data":{"userId":"22, twoFactorEnabled":"false"}}
{"sessionId":"c345b9","id":"log_1774014665303","timestamp":1774014665303,"location":"AuthService.login","message":"Login attempt for existing user","hypothesisId":"H1","runId":"pre-fix","data":{"twoFactorEnabled":"false, emailPresent":"true"}}
{"sessionId":"c345b9","id":"log_1774014665375","timestamp":1774014665375,"location":"AuthService.buildLoginResponse","message":"Email not verified during login","hypothesisId":"H3","runId":"pre-fix","data":{"userId":"23, twoFactorEnabled":"false"}}
{"sessionId":"c345b9","id":"log_1774014666433","timestamp":1774014666433,"location":"AuthService.login","message":"Login attempt for existing user","hypothesisId":"H1","runId":"pre-fix","data":{"twoFactorEnabled":"false, emailPresent":"true"}}
{"sessionId":"c345b9","id":"log_1774014666507","timestamp":1774014666507,"location":"AuthService.buildLoginResponse","message":"Email not verified during login","hypothesisId":"H3","runId":"pre-fix","data":{"userId":"24, twoFactorEnabled":"false"}}
{"sessionId":"c345b9","id":"log_1774014667547","timestamp":1774014667547,"location":"AuthService.login","message":"Login attempt for existing user","hypothesisId":"H1","runId":"pre-fix","data":{"twoFactorEnabled":"false, emailPresent":"true"}}
{"sessionId":"c345b9","id":"log_1774014667639","timestamp":1774014667639,"location":"AuthService.buildLoginResponse","message":"Email not verified during login","hypothesisId":"H3","runId":"pre-fix","data":{"userId":"25, twoFactorEnabled":"false"}}
{"sessionId":"c345b9","id":"log_1774014668367","timestamp":1774014668367,"location":"AuthService.login","message":"Login attempt for existing user","hypothesisId":"H1","runId":"pre-fix","data":{"twoFactorEnabled":"false, emailPresent":"true"}}
{"sessionId":"c345b9","id":"log_1774014668439","timestamp":1774014668439,"location":"AuthService.buildLoginResponse","message":"Email not verified during login","hypothesisId":"H3","runId":"pre-fix","data":{"userId":"26, twoFactorEnabled":"false"}}
{"sessionId":"c345b9","id":"log_1774014670126","timestamp":1774014670126,"location":"AuthService.login","message":"Login attempt for existing user","hypothesisId":"H1","runId":"pre-fix","data":{"twoFactorEnabled":"false, emailPresent":"true"}}
{"sessionId":"c345b9","id":"log_1774014670202","timestamp":1774014670202,"location":"AuthService.buildLoginResponse","message":"Email not verified during login","hypothesisId":"H3","runId":"pre-fix","data":{"userId":"27, twoFactorEnabled":"false"}}
{"sessionId":"c345b9","id":"log_1774014671254","timestamp":1774014671254,"location":"AuthService.login","message":"Login attempt for existing user","hypothesisId":"H1","runId":"pre-fix","data":{"twoFactorEnabled":"false, emailPresent":"true"}}
{"sessionId":"c345b9","id":"log_1774014671334","timestamp":1774014671334,"location":"AuthService.buildLoginResponse","message":"Email not verified during login","hypothesisId":"H3","runId":"pre-fix","data":{"userId":"28, twoFactorEnabled":"false"}}
{"sessionId":"c345b9","id":"log_1774015025605","timestamp":1774015025605,"location":"AuthService.login","message":"Login attempt for existing user","hypothesisId":"H1","runId":"pre-fix","data":{"emailPresent":"true, twoFactorEnabled":"false"}}
{"sessionId":"c345b9","id":"log_1774015025730","timestamp":1774015025730,"location":"AuthService.buildLoginResponse","message":"Email not verified during login","hypothesisId":"H3","runId":"pre-fix","data":{"twoFactorEnabled":"false, userId":"1"}}
{"sessionId":"c345b9","id":"log_1774015053963","timestamp":1774015053963,"location":"AuthService.login","message":"Login attempt for existing user","hypothesisId":"H1","runId":"pre-fix","data":{"emailPresent":"true, twoFactorEnabled":"false"}}
{"sessionId":"c345b9","id":"log_1774015054097","timestamp":1774015054097,"location":"AuthService.buildLoginResponse","message":"Password-only login successful","hypothesisId":"H5","runId":"pre-fix","data":{"twoFactorEnabled":"false, userId":"1"}}
{"sessionId":"c345b9","id":"log_1774015107630","timestamp":1774015107630,"location":"AuthService.login","message":"Login attempt for existing user","hypothesisId":"H1","runId":"pre-fix","data":{"emailPresent":"true, twoFactorEnabled":"false"}}
{"sessionId":"c345b9","id":"log_1774015107704","timestamp":1774015107704,"location":"AuthService.buildLoginResponse","message":"Password-only login successful","hypothesisId":"H5","runId":"pre-fix","data":{"twoFactorEnabled":"false, userId":"3"}}
{"sessionId":"c345b9","id":"log_1774015108434","timestamp":1774015108434,"location":"AuthService.login","message":"Login attempt for existing user","hypothesisId":"H1","runId":"pre-fix","data":{"emailPresent":"true, twoFactorEnabled":"false"}}
{"sessionId":"c345b9","id":"log_1774015108512","timestamp":1774015108512,"location":"AuthService.buildLoginResponse","message":"Password-only login successful","hypothesisId":"H5","runId":"pre-fix","data":{"twoFactorEnabled":"false, userId":"2"}}
{"sessionId":"c345b9","id":"log_1774015109137","timestamp":1774015109137,"location":"AuthService.login","message":"Login attempt for existing user","hypothesisId":"H1","runId":"pre-fix","data":{"emailPresent":"true, twoFactorEnabled":"false"}}
{"sessionId":"c345b9","id":"log_1774015109239","timestamp":1774015109239,"location":"AuthService.buildLoginResponse","message":"Password-only login successful","hypothesisId":"H5","runId":"pre-fix","data":{"twoFactorEnabled":"false, userId":"4"}}
{"sessionId":"c345b9","id":"log_1774015110281","timestamp":1774015110281,"location":"AuthService.login","message":"Login attempt for existing user","hypothesisId":"H1","runId":"pre-fix","data":{"emailPresent":"true, twoFactorEnabled":"false"}}
{"sessionId":"c345b9","id":"log_1774015110366","timestamp":1774015110366,"location":"AuthService.buildLoginResponse","message":"Password-only login successful","hypothesisId":"H5","runId":"pre-fix","data":{"twoFactorEnabled":"false, userId":"5"}}
{"sessionId":"c345b9","id":"log_1774015112276","timestamp":1774015112276,"location":"AuthService.login","message":"Login attempt for existing user","hypothesisId":"H1","runId":"pre-fix","data":{"emailPresent":"true, twoFactorEnabled":"false"}}
{"sessionId":"c345b9","id":"log_1774015112353","timestamp":1774015112353,"location":"AuthService.buildLoginResponse","message":"Password-only login successful","hypothesisId":"H5","runId":"pre-fix","data":{"twoFactorEnabled":"false, userId":"6"}}
{"sessionId":"c345b9","id":"log_1774015114162","timestamp":1774015114162,"location":"AuthService.login","message":"Login attempt for existing user","hypothesisId":"H1","runId":"pre-fix","data":{"emailPresent":"true, twoFactorEnabled":"false"}}
{"sessionId":"c345b9","id":"log_1774015114239","timestamp":1774015114239,"location":"AuthService.buildLoginResponse","message":"Password-only login successful","hypothesisId":"H5","runId":"pre-fix","data":{"twoFactorEnabled":"false, userId":"7"}}
{"sessionId":"c345b9","id":"log_1774402692364","timestamp":1774402692365,"location":"AuthService.login","message":"Login attempt for existing user","hypothesisId":"H1","runId":"pre-fix","data":{"twoFactorEnabled":"false, emailPresent":"true"}}
{"sessionId":"c345b9","id":"log_1774402692556","timestamp":1774402692556,"location":"AuthService.buildLoginResponse","message":"Password-only login successful","hypothesisId":"H5","runId":"pre-fix","data":{"userId":"1, twoFactorEnabled":"false"}}
{"sessionId":"c345b9","id":"log_1774402726128","timestamp":1774402726128,"location":"AuthService.login","message":"Login attempt for existing user","hypothesisId":"H1","runId":"pre-fix","data":{"twoFactorEnabled":"false, emailPresent":"true"}}
{"sessionId":"c345b9","id":"log_1774402726400","timestamp":1774402726400,"location":"AuthService.buildLoginResponse","message":"Password-only login successful","hypothesisId":"H5","runId":"pre-fix","data":{"userId":"2, twoFactorEnabled":"false"}}
{"sessionId":"c345b9","id":"log_1774442345001","timestamp":1774442345002,"location":"AuthService.login","message":"Login attempt for existing user","hypothesisId":"H1","runId":"pre-fix","data":{"twoFactorEnabled":"false, emailPresent":"true"}}
{"sessionId":"c345b9","id":"log_1774442345140","timestamp":1774442345140,"location":"AuthService.buildLoginResponse","message":"Password-only login successful","hypothesisId":"H5","runId":"pre-fix","data":{"userId":"1, twoFactorEnabled":"false"}}
{"sessionId":"c345b9","id":"log_1774443958390","timestamp":1774443958390,"location":"AuthService.login","message":"Login attempt for existing user","hypothesisId":"H1","runId":"pre-fix","data":{"twoFactorEnabled":"false, emailPresent":"true"}}
{"sessionId":"c345b9","id":"log_1774443958493","timestamp":1774443958493,"location":"AuthService.buildLoginResponse","message":"Password-only login successful","hypothesisId":"H5","runId":"pre-fix","data":{"userId":"1, twoFactorEnabled":"false"}}
{"sessionId":"c345b9","id":"log_1774444081118","timestamp":1774444081118,"location":"AuthService.login","message":"Login attempt for existing user","hypothesisId":"H1","runId":"pre-fix","data":{"twoFactorEnabled":"true, emailPresent":"true"}}
{"sessionId":"c345b9","id":"log_1774444081369","timestamp":1774444081369,"location":"AuthService.buildLoginResponse","message":"2FA required branch taken","hypothesisId":"H4","runId":"pre-fix","data":{"userId":"1"}}
{"sessionId":"c345b9","id":"log_1774444094841","timestamp":1774444094841,"location":"AuthService.verify2fa","message":"2FA verification started for user","hypothesisId":"H7","runId":"pre-fix","data":{"userId":"1, twoFactorEnabled":"true"}}
{"sessionId":"c345b9","id":"log_1774444094855","timestamp":1774444094855,"location":"AuthService.verify2fa","message":"2FA verification successful","hypothesisId":"H9","runId":"pre-fix","data":{"userId":"1"}}
